{"target": 0.837899863567675, "params": {"max_depth": 22.363750204958183, "min_child_samples": 2.011123041287762, "min_child_weight": 0.05501128154008305, "n_estimators": 927.1125459747261, "num_leaves": 53.62942416699912, "reg_alpha": 3.3040178752177374, "reg_lambda": 2.047281691744387}, "datetime": {"datetime": "2019-12-05 11:22:11", "elapsed": 0.0, "delta": 0.0}}
{"target": 0.8376800759441118, "params": {"max_depth": 31.34427735118252, "min_child_samples": 12.686532273306403, "min_child_weight": 0.026756044782776378, "n_estimators": 1280.1542822616602, "num_leaves": 62.33136754216312, "reg_alpha": 1.3466648735039906, "reg_lambda": 5.136267634536199}, "datetime": {"datetime": "2019-12-05 11:27:35", "elapsed": 324.842959, "delta": 324.842959}}
{"target": 0.8379891927893193, "params": {"max_depth": 10.037553416698849, "min_child_samples": 31.628070764850264, "min_child_weight": 0.08541213173468494, "n_estimators": 1039.0499910256628, "num_leaves": 87.72491882859744, "reg_alpha": 0.7973751246136009, "reg_lambda": 5.052955655126919}, "datetime": {"datetime": "2019-12-05 11:32:27", "elapsed": 616.84385, "delta": 292.000891}}
{"target": 0.8345836335244007, "params": {"max_depth": 4.199038714957027, "min_child_samples": 17.696770776298187, "min_child_weight": 0.009743438474495195, "n_estimators": 341.6039462324272, "num_leaves": 67.73962471828767, "reg_alpha": 2.2608939940417545, "reg_lambda": 1.0703498974155197}, "datetime": {"datetime": "2019-12-05 11:33:08", "elapsed": 657.129349, "delta": 40.285499}}
{"target": 0.8389547482846635, "params": {"max_depth": 11.795004146457426, "min_child_samples": 14.643225115128672, "min_child_weight": 0.0468319697097718, "n_estimators": 483.31212990343414, "num_leaves": 71.23253801719318, "reg_alpha": 4.8312152856819655, "reg_lambda": 5.052861963465474}, "datetime": {"datetime": "2019-12-05 11:35:33", "elapsed": 802.524001, "delta": 145.394652}}
{"target": 0.8392107195056748, "params": {"max_depth": 8.313606643654587, "min_child_samples": 2.3478906963378186, "min_child_weight": 0.0022919561225513783, "n_estimators": 1999.3802676754738, "num_leaves": 20.077109976500267, "reg_alpha": 8.458951824661648, "reg_lambda": 6.258678408398782}, "datetime": {"datetime": "2019-12-05 11:39:56", "elapsed": 1065.465834, "delta": 262.941833}}
{"target": 0.8402584168908429, "params": {"max_depth": 46.9089160303065, "min_child_samples": 37.50124093806258, "min_child_weight": 0.019329972920662793, "n_estimators": 1994.715932552127, "num_leaves": 99.5330062944047, "reg_alpha": 8.239346633430824, "reg_lambda": 1.4178015055001811}, "datetime": {"datetime": "2019-12-05 11:49:40", "elapsed": 1649.369474, "delta": 583.90364}}
{"target": 0.838600683009098, "params": {"max_depth": 4.36476135974385, "min_child_samples": 1.3898889201934161, "min_child_weight": 0.08006619947047323, "n_estimators": 1979.5093937340066, "num_leaves": 97.89122479725592, "reg_alpha": 5.802778468126415, "reg_lambda": 0.13244178807223247}, "datetime": {"datetime": "2019-12-05 11:52:56", "elapsed": 1845.529214, "delta": 196.15974}}
{"target": 0.8383474785722452, "params": {"max_depth": 49.096417702788045, "min_child_samples": 37.602961446006795, "min_child_weight": 0.03369760989155024, "n_estimators": 1981.89891770338, "num_leaves": 25.762184402725474, "reg_alpha": 3.802530483285208, "reg_lambda": 6.094834256502484}, "datetime": {"datetime": "2019-12-05 11:57:34", "elapsed": 2123.414015, "delta": 277.884801}}
{"target": 0.8406174942962193, "params": {"max_depth": 49.73789849911594, "min_child_samples": 7.038631599974867, "min_child_weight": 0.06004647183961244, "n_estimators": 1986.0660488190204, "num_leaves": 99.48589439732442, "reg_alpha": 5.788856147760102, "reg_lambda": 9.368931755402082}, "datetime": {"datetime": "2019-12-05 12:08:53", "elapsed": 2802.520845, "delta": 679.10683}}
{"target": 0.8404720578316652, "params": {"max_depth": 46.26044928883956, "min_child_samples": 4.210809064961244, "min_child_weight": 0.035180673902108814, "n_estimators": 1994.7869232292776, "num_leaves": 98.24849791865692, "reg_alpha": 2.626774240185634, "reg_lambda": 9.591248798738459}, "datetime": {"datetime": "2019-12-05 12:21:27", "elapsed": 3556.600085, "delta": 754.07924}}
{"target": 0.8403631043963047, "params": {"max_depth": 46.65276804493674, "min_child_samples": 3.2006485535482607, "min_child_weight": 0.05445096196470185, "n_estimators": 1998.6730464763532, "num_leaves": 99.32577196169119, "reg_alpha": 6.537530026128357, "reg_lambda": 2.7007011660439613}, "datetime": {"datetime": "2019-12-05 12:32:55", "elapsed": 4244.759341, "delta": 688.159256}}
{"target": 0.8387398291982725, "params": {"max_depth": 6.751829189974172, "min_child_samples": 36.98017485961966, "min_child_weight": 0.008278119846460286, "n_estimators": 1990.716269308835, "num_leaves": 99.4405887745491, "reg_alpha": 8.832851626074142, "reg_lambda": 2.5864623224018546}, "datetime": {"datetime": "2019-12-05 12:41:50", "elapsed": 4779.684821, "delta": 534.92548}}
{"target": 0.8402261769316615, "params": {"max_depth": 44.0344806454071, "min_child_samples": 1.6129666394757887, "min_child_weight": 0.052022053440427846, "n_estimators": 1999.77722987872, "num_leaves": 99.9108655633826, "reg_alpha": 4.235272216960726, "reg_lambda": 0.7785128957791798}, "datetime": {"datetime": "2019-12-05 12:52:53", "elapsed": 5441.976387, "delta": 662.291566}}
{"target": 0.8404631426031866, "params": {"max_depth": 49.37662172189446, "min_child_samples": 1.0651646210471108, "min_child_weight": 0.05571271715200064, "n_estimators": 1971.0427639193283, "num_leaves": 92.5475915928547, "reg_alpha": 2.021678679520218, "reg_lambda": 6.561361802573079}, "datetime": {"datetime": "2019-12-05 13:04:34", "elapsed": 6143.33861, "delta": 701.362223}}
{"target": 0.8399325566796575, "params": {"max_depth": 48.32091929036931, "min_child_samples": 1.1226379365896082, "min_child_weight": 0.008494257315681132, "n_estimators": 1998.995312038105, "num_leaves": 92.38887844967013, "reg_alpha": 8.500387080486355, "reg_lambda": 6.805278623430781}, "datetime": {"datetime": "2019-12-05 13:15:22", "elapsed": 6791.708741, "delta": 648.370131}}
{"target": 0.8403859733475599, "params": {"max_depth": 47.58872421820324, "min_child_samples": 36.38902700322746, "min_child_weight": 0.0374848031988355, "n_estimators": 1996.4193424197151, "num_leaves": 99.31772885756841, "reg_alpha": 9.124503532467259, "reg_lambda": 3.509346244828118}, "datetime": {"datetime": "2019-12-05 13:24:59", "elapsed": 7368.651126, "delta": 576.942385}}
